<?xml version="1.0" encoding="UTF-8"?>
<testsuite xmlns:xsi="http://www.w3.org/2001/XMLSchema-instance" xsi:noNamespaceSchemaLocation="https://maven.apache.org/surefire/maven-surefire-plugin/xsd/surefire-test-report-3.0.xsd" version="3.0" name="tn.esprit.spring.kaddem.EquipeTest" time="12.923" tests="1" errors="0" skipped="0" failures="0">
  <properties>
[...]
</properties>
  <testcase name="retrieveAllEquipeTest" classname="tn.esprit.spring.kaddem.EquipeTest" time="0.098">
    <system-out><![CDATA[13:49:20.569 [main] DEBUG org.springframework.test.context.BootstrapUtils - Instantiating CacheAwareContextLoaderDelegate from class [org.springframework.test.context.cache.DefaultCacheAwareContextLoaderDelegate]
13:49:20.575 [main] DEBUG org.springframework.test.context.BootstrapUtils - Instantiating BootstrapContext using constructor [public org.springframework.test.context.support.DefaultBootstrapContext(java.lang.Class,org.springframework.test.context.CacheAwareContextLoaderDelegate)]
13:49:20.605 [main] DEBUG org.springframework.test.context.BootstrapUtils - Instantiating TestContextBootstrapper for test class [tn.esprit.spring.kaddem.EquipeTest] from class [org.springframework.boot.test.context.SpringBootTestContextBootstrapper]
13:49:20.616 [main] INFO org.springframework.boot.test.context.SpringBootTestContextBootstrapper - Neither @ContextConfiguration nor @ContextHierarchy found for test class [tn.esprit.spring.kaddem.EquipeTest], using SpringBootContextLoader
13:49:20.619 [main] DEBUG org.springframework.test.context.support.AbstractContextLoader - Did not detect default resource location for test class [tn.esprit.spring.kaddem.EquipeTest]: class path resource [tn/esprit/spring/kaddem/EquipeTest-context.xml] does not exist
13:49:20.619 [main] DEBUG org.springframework.test.context.support.AbstractContextLoader - Did not detect default resource location for test class [tn.esprit.spring.kaddem.EquipeTest]: class path resource [tn/esprit/spring/kaddem/EquipeTestContext.groovy] does not exist
13:49:20.619 [main] INFO org.springframework.test.context.support.AbstractContextLoader - Could not detect default resource locations for test class [tn.esprit.spring.kaddem.EquipeTest]: no resource found for suffixes {-context.xml, Context.groovy}.
13:49:20.620 [main] INFO org.springframework.test.context.support.AnnotationConfigContextLoaderUtils - Could not detect default configuration classes for test class [tn.esprit.spring.kaddem.EquipeTest]: EquipeTest does not declare any static, non-private, non-final, nested classes annotated with @Configuration.
13:49:20.666 [main] DEBUG org.springframework.test.context.support.ActiveProfilesUtils - Could not find an 'annotation declaring class' for annotation type [org.springframework.test.context.ActiveProfiles] and class [tn.esprit.spring.kaddem.EquipeTest]
13:49:20.805 [main] DEBUG org.springframework.context.annotation.ClassPathScanningCandidateComponentProvider - Identified candidate component class: file [C:\Users\HP\Documents\projet 5eme\devops\5TWIN4-G1-BladeMasters-\target\classes\tn\esprit\spring\kaddem\KaddemApplication.class]
13:49:20.807 [main] INFO org.springframework.boot.test.context.SpringBootTestContextBootstrapper - Found @SpringBootConfiguration tn.esprit.spring.kaddem.KaddemApplication for test class tn.esprit.spring.kaddem.EquipeTest
13:49:20.924 [main] DEBUG org.springframework.boot.test.context.SpringBootTestContextBootstrapper - @TestExecutionListeners is not present for class [tn.esprit.spring.kaddem.EquipeTest]: using defaults.
13:49:20.925 [main] INFO org.springframework.boot.test.context.SpringBootTestContextBootstrapper - Loaded default TestExecutionListener class names from location [META-INF/spring.factories]: [org.springframework.boot.test.mock.mockito.MockitoTestExecutionListener, org.springframework.boot.test.mock.mockito.ResetMocksTestExecutionListener, org.springframework.boot.test.autoconfigure.restdocs.RestDocsTestExecutionListener, org.springframework.boot.test.autoconfigure.web.client.MockRestServiceServerResetTestExecutionListener, org.springframework.boot.test.autoconfigure.web.servlet.MockMvcPrintOnlyOnFailureTestExecutionListener, org.springframework.boot.test.autoconfigure.web.servlet.WebDriverTestExecutionListener, org.springframework.boot.test.autoconfigure.webservices.client.MockWebServiceServerTestExecutionListener, org.springframework.test.context.web.ServletTestExecutionListener, org.springframework.test.context.support.DirtiesContextBeforeModesTestExecutionListener, org.springframework.test.context.event.ApplicationEventsTestExecutionListener, org.springframework.test.context.support.DependencyInjectionTestExecutionListener, org.springframework.test.context.support.DirtiesContextTestExecutionListener, org.springframework.test.context.transaction.TransactionalTestExecutionListener, org.springframework.test.context.jdbc.SqlScriptsTestExecutionListener, org.springframework.test.context.event.EventPublishingTestExecutionListener]
13:49:20.968 [main] INFO org.springframework.boot.test.context.SpringBootTestContextBootstrapper - Using TestExecutionListeners: [org.springframework.test.context.web.ServletTestExecutionListener@31bcf236, org.springframework.test.context.support.DirtiesContextBeforeModesTestExecutionListener@4b3ed2f0, org.springframework.test.context.event.ApplicationEventsTestExecutionListener@4fad9bb2, org.springframework.boot.test.mock.mockito.MockitoTestExecutionListener@517d4a0d, org.springframework.boot.test.autoconfigure.SpringBootDependencyInjectionTestExecutionListener@7862f56, org.springframework.test.context.support.DirtiesContextTestExecutionListener@3a12c404, org.springframework.test.context.transaction.TransactionalTestExecutionListener@1941a8ff, org.springframework.test.context.jdbc.SqlScriptsTestExecutionListener@22d7b4f8, org.springframework.test.context.event.EventPublishingTestExecutionListener@149dd36b, org.springframework.boot.test.mock.mockito.ResetMocksTestExecutionListener@38831718, org.springframework.boot.test.autoconfigure.restdocs.RestDocsTestExecutionListener@2c1156a7, org.springframework.boot.test.autoconfigure.web.client.MockRestServiceServerResetTestExecutionListener@33fe57a9, org.springframework.boot.test.autoconfigure.web.servlet.MockMvcPrintOnlyOnFailureTestExecutionListener@4982cc36, org.springframework.boot.test.autoconfigure.web.servlet.WebDriverTestExecutionListener@691939c9, org.springframework.boot.test.autoconfigure.webservices.client.MockWebServiceServerTestExecutionListener@4f1bfe23]
13:49:20.974 [main] DEBUG org.springframework.test.context.support.AbstractDirtiesContextTestExecutionListener - Before test class: context [DefaultTestContext@324a0017 testClass = EquipeTest, testInstance = [null], testMethod = [null], testException = [null], mergedContextConfiguration = [WebMergedContextConfiguration@6187d1f5 testClass = EquipeTest, locations = '{}', classes = '{class tn.esprit.spring.kaddem.KaddemApplication}', contextInitializerClasses = '[]', activeProfiles = '{}', propertySourceLocations = '{}', propertySourceProperties = '{org.springframework.boot.test.context.SpringBootTestContextBootstrapper=true}', contextCustomizers = set[org.springframework.boot.test.context.filter.ExcludeFilterContextCustomizer@8519cb4, org.springframework.boot.test.json.DuplicateJsonObjectContextCustomizerFactory$DuplicateJsonObjectContextCustomizer@5f049ea1, org.springframework.boot.test.mock.mockito.MockitoContextCustomizer@0, org.springframework.boot.test.web.client.TestRestTemplateContextCustomizer@6fa51cd4, org.springframework.boot.test.autoconfigure.actuate.metrics.MetricsExportContextCustomizerFactory$DisableMetricExportContextCustomizer@268f106e, org.springframework.boot.test.autoconfigure.properties.PropertyMappingContextCustomizer@0, org.springframework.boot.test.autoconfigure.web.servlet.WebDriverContextCustomizerFactory$Customizer@514646ef, org.springframework.boot.test.context.SpringBootTestArgs@1, org.springframework.boot.test.context.SpringBootTestWebEnvironment@aecb35a], resourceBasePath = 'src/main/webapp', contextLoader = 'org.springframework.boot.test.context.SpringBootContextLoader', parent = [null]], attributes = map['org.springframework.test.context.web.ServletTestExecutionListener.activateListener' -> true]], class annotated with @DirtiesContext [false] with mode [null].

  .   ____          _            __ _ _
 /\\ / ___'_ __ _ _(_)_ __  __ _ \ \ \ \
( ( )\___ | '_ | '_| | '_ \/ _` | \ \ \ \
 \\/  ___)| |_)| | | | | || (_| |  ) ) ) )
  '  |____| .__|_| |_|_| |_\__, | / / / /
 =========|_|==============|___/=/_/_/_/
 :: Spring Boot ::                (v2.7.5)

2023-11-02 13:49:21.332  INFO 13880 --- [           main] tn.esprit.spring.kaddem.EquipeTest       : Starting EquipeTest using Java 17.0.5 on DESKTOP-V3C6ATO with PID 13880 (started by HP in C:\Users\HP\Documents\projet 5eme\devops\5TWIN4-G1-BladeMasters-)
2023-11-02 13:49:21.334  INFO 13880 --- [           main] tn.esprit.spring.kaddem.EquipeTest       : No active profile set, falling back to 1 default profile: "default"
2023-11-02 13:49:22.225  INFO 13880 --- [           main] .s.d.r.c.RepositoryConfigurationDelegate : Bootstrapping Spring Data JPA repositories in DEFAULT mode.
2023-11-02 13:49:22.312  INFO 13880 --- [           main] .s.d.r.c.RepositoryConfigurationDelegate : Finished Spring Data repository scanning in 77 ms. Found 5 JPA repository interfaces.
2023-11-02 13:49:23.051  INFO 13880 --- [           main] o.hibernate.jpa.internal.util.LogHelper  : HHH000204: Processing PersistenceUnitInfo [name: default]
2023-11-02 13:49:23.102  INFO 13880 --- [           main] org.hibernate.Version                    : HHH000412: Hibernate ORM core version 5.6.12.Final
2023-11-02 13:49:23.303  INFO 13880 --- [           main] o.hibernate.annotations.common.Version   : HCANN000001: Hibernate Commons Annotations {5.1.2.Final}
2023-11-02 13:49:23.499  INFO 13880 --- [           main] com.zaxxer.hikari.HikariDataSource       : HikariPool-1 - Starting...
2023-11-02 13:49:23.713  INFO 13880 --- [           main] com.zaxxer.hikari.HikariDataSource       : HikariPool-1 - Start completed.
2023-11-02 13:49:23.741  INFO 13880 --- [           main] org.hibernate.dialect.Dialect            : HHH000400: Using dialect: org.hibernate.dialect.MySQL5Dialect
Hibernate: drop table if exists contrat
Hibernate: drop table if exists departement
Hibernate: drop table if exists detail_equipe
Hibernate: drop table if exists equipe
Hibernate: drop table if exists equipe_etudiants
Hibernate: drop table if exists etudiant
Hibernate: drop table if exists universite
Hibernate: drop table if exists universite_departements
Hibernate: create table contrat (id_contrat integer not null auto_increment, archive bit, date_debut_contrat date, date_fin_contrat date, montant_contrat integer, specialite varchar(255), etudiant_id_etudiant integer, primary key (id_contrat)) engine=MyISAM
Hibernate: create table departement (id_depart integer not null auto_increment, nom_depart varchar(255), primary key (id_depart)) engine=MyISAM
Hibernate: create table detail_equipe (id_detail_equipe integer not null auto_increment, salle integer, thematique varchar(255), primary key (id_detail_equipe)) engine=MyISAM
Hibernate: create table equipe (id_equipe integer not null auto_increment, niveau varchar(255), nom_equipe varchar(255), detail_equipe_id_detail_equipe integer, primary key (id_equipe)) engine=MyISAM
Hibernate: create table equipe_etudiants (equipes_id_equipe integer not null, etudiants_id_etudiant integer not null, primary key (equipes_id_equipe, etudiants_id_etudiant)) engine=MyISAM
Hibernate: create table etudiant (id_etudiant integer not null auto_increment, nome varchar(255), op varchar(255), prenome varchar(255), departement_id_depart integer, primary key (id_etudiant)) engine=MyISAM
Hibernate: create table universite (id_univ integer not null auto_increment, nom_univ varchar(255), primary key (id_univ)) engine=MyISAM
Hibernate: create table universite_departements (universite_id_univ integer not null, departements_id_depart integer not null, primary key (universite_id_univ, departements_id_depart)) engine=MyISAM
Hibernate: alter table universite_departements add constraint UK_aro365ycjabilek7s04pu80sa unique (departements_id_depart)
Hibernate: alter table contrat add constraint FKe0rdksi7um7hi83xw63wi9349 foreign key (etudiant_id_etudiant) references etudiant (id_etudiant)
Hibernate: alter table equipe add constraint FKfliu70w6rbbhy9hkaq4f72wic foreign key (detail_equipe_id_detail_equipe) references detail_equipe (id_detail_equipe)
Hibernate: alter table equipe_etudiants add constraint FKsfxtwvhoe9tio3n1574lta1m6 foreign key (etudiants_id_etudiant) references etudiant (id_etudiant)
Hibernate: alter table equipe_etudiants add constraint FK2qnv8lwf7b2a7tp6lmo0e78yf foreign key (equipes_id_equipe) references equipe (id_equipe)
Hibernate: alter table etudiant add constraint FKbnxiosjumn4a0fmcnaixaecg9 foreign key (departement_id_depart) references departement (id_depart)
Hibernate: alter table universite_departements add constraint FKkfinfopfklqtcp2jg3xhqr1p2 foreign key (departements_id_depart) references departement (id_depart)
Hibernate: alter table universite_departements add constraint FK3xfx31pl7xsfuo8m5xa59t87q foreign key (universite_id_univ) references universite (id_univ)
2023-11-02 13:49:30.123  INFO 13880 --- [           main] o.h.e.t.j.p.i.JtaPlatformInitiator       : HHH000490: Using JtaPlatform implementation: [org.hibernate.engine.transaction.jta.platform.internal.NoJtaPlatform]
2023-11-02 13:49:30.130  INFO 13880 --- [           main] j.LocalContainerEntityManagerFactoryBean : Initialized JPA EntityManagerFactory for persistence unit 'default'
2023-11-02 13:49:31.229  WARN 13880 --- [           main] JpaBaseConfiguration$JpaWebConfiguration : spring.jpa.open-in-view is enabled by default. Therefore, database queries may be performed during view rendering. Explicitly configure spring.jpa.open-in-view to disable this warning
2023-11-02 13:49:33.052  INFO 13880 --- [           main] tn.esprit.spring.kaddem.EquipeTest       : Started EquipeTest in 12.038 seconds (JVM running for 13.276)
.............................[tn.esprit.spring.kaddem.entities.Equipe@736eb2a2, tn.esprit.spring.kaddem.entities.Equipe@7ec5d3e1]
]]></system-out>
  </testcase>
</testsuite>